<?xml version="1.0" encoding="UTF-8"?>
<!-- Generated by org.testng.reporters.JUnitXMLReporter -->
<testsuite ignored="14" hostname="DESKTOP-LQCK449" failures="0" tests="1" name="Default test" time="26.834" errors="0" timestamp="2024-07-02T15:00:40 IST">
  <testcase classname="com.nakshatratechnohub.hubsched.Hubsched_android_Automation" name="myAttendance" time="8.954"/>
  <testcase classname="com.nakshatratechnohub.hubsched.Hubsched_android_Automation" name="fragmentAutomation" time="0.0">
    <ignored/>
  </testcase> <!-- fragmentAutomation -->
  <testcase classname="com.nakshatratechnohub.hubsched.Hubsched_android_Automation" name="manageMeetings" time="0.0">
    <ignored/>
  </testcase> <!-- manageMeetings -->
  <testcase classname="com.nakshatratechnohub.hubsched.Hubsched_android_Automation" name="employeeAttendance" time="0.0">
    <ignored/>
  </testcase> <!-- employeeAttendance -->
  <testcase classname="com.nakshatratechnohub.hubsched.Hubsched_android_Automation" name="manageRoomAutomation" time="0.0">
    <ignored/>
  </testcase> <!-- manageRoomAutomation -->
  <testcase classname="com.nakshatratechnohub.hubsched.Hubsched_android_Automation" name="voucherAutomation" time="0.0">
    <ignored/>
  </testcase> <!-- voucherAutomation -->
  <testcase classname="com.nakshatratechnohub.hubsched.Hubsched_android_Automation" name="raiseQueryAutomation" time="0.0">
    <ignored/>
  </testcase> <!-- raiseQueryAutomation -->
  <testcase classname="com.nakshatratechnohub.hubsched.Hubsched_android_Automation" name="managePantryAutomation" time="0.0">
    <ignored/>
  </testcase> <!-- managePantryAutomation -->
  <testcase classname="com.nakshatratechnohub.hubsched.Hubsched_android_Automation" name="eventBannerAutomation" time="0.0">
    <ignored/>
  </testcase> <!-- eventBannerAutomation -->
  <testcase classname="com.nakshatratechnohub.hubsched.Hubsched_android_Automation" name="createEmployeeAutomation" time="0.0">
    <ignored/>
  </testcase> <!-- createEmployeeAutomation -->
  <testcase classname="com.nakshatratechnohub.hubsched.Hubsched_android_Automation" name="updateEmployeeAutomation" time="0.0">
    <ignored/>
  </testcase> <!-- updateEmployeeAutomation -->
  <testcase classname="com.nakshatratechnohub.hubsched.Hubsched_android_Automation" name="ticketAutomation" time="0.0">
    <ignored/>
  </testcase> <!-- ticketAutomation -->
  <testcase classname="com.nakshatratechnohub.hubsched.Hubsched_android_Automation" name="announcementAutomation" time="0.0">
    <ignored/>
  </testcase> <!-- announcementAutomation -->
  <testcase classname="com.nakshatratechnohub.hubsched.Hubsched_android_Automation" name="internalMeetingAutomation" time="0.0">
    <ignored/>
  </testcase> <!-- internalMeetingAutomation -->
  <testcase classname="com.nakshatratechnohub.hubsched.Hubsched_android_Automation" name="createExternalMeeting" time="0.0">
    <ignored/>
  </testcase> <!-- createExternalMeeting -->
</testsuite> <!-- Default test -->
