<?xml version="1.0" encoding="UTF-8"?>
<testng-results ignored="0" total="1" passed="1" failed="0" skipped="0">
  <reporter-output>
  </reporter-output>
  <suite started-at="2024-07-02T15:00:13 IST" name="Default suite" finished-at="2024-07-02T15:00:40 IST" duration-ms="26834">
    <groups>
    </groups>
    <test started-at="2024-07-02T15:00:13 IST" name="Default test" finished-at="2024-07-02T15:00:40 IST" duration-ms="26834">
      <class name="com.nakshatratechnohub.hubsched.Hubsched_android_Automation">
        <test-method is-config="true" signature="setup()[pri:0, instance:com.nakshatratechnohub.hubsched.Hubsched_android_Automation@4218d6a3]" started-at="2024-07-02T15:00:13 IST" name="setup" finished-at="2024-07-02T15:00:31 IST" duration-ms="17791" status="PASS">
          <reporter-output>
          </reporter-output>
        </test-method> <!-- setup -->
        <test-method signature="myAttendance()[pri:12, instance:com.nakshatratechnohub.hubsched.Hubsched_android_Automation@4218d6a3]" started-at="2024-07-02T15:00:31 IST" name="myAttendance" finished-at="2024-07-02T15:00:40 IST" duration-ms="8954" status="PASS">
          <reporter-output>
          </reporter-output>
        </test-method> <!-- myAttendance -->
      </class> <!-- com.nakshatratechnohub.hubsched.Hubsched_android_Automation -->
    </test> <!-- Default test -->
  </suite> <!-- Default suite -->
</testng-results>
